Build started 3/19/2014 9:31:17 PM.
     1>Project "C:\SmokeEngine\TestWorld\TestWorld.vcxproj" on node 2 (rebuild target(s)).
     1>_PrepareForClean:
         Deleting file "Tegra-Android\Debug\TestWorld.lastbuildstate".
       AntClean:
         Performing clean...
         C:\NVPACK\apache-ant-1.8.2\bin\ant.bat clean -f C:\SmokeEngine\TestWorld\Tegra-Android\Debug\nsight_tegra_build.xml 
         Picked up _JAVA_OPTIONS: -Xms256m -Xmx512m
         Deleting file "C:\SmokeEngine\Tegra-Android\Debug\\TestWorld.apk".
       InitializeBuildStatus:
         Creating "Tegra-Android\Debug\TestWorld.unsuccessfulbuild" because "AlwaysCreate" was specified.
       ClCompile:
         C:\NVPACK\android-ndk-r9b\toolchains\arm-linux-androideabi-4.8\prebuilt\windows\bin\arm-linux-androideabi-g++.exe 
         HelloJni.cpp
       Link:
         C:\NVPACK\android-ndk-r9b\toolchains\arm-linux-androideabi-4.8\prebuilt\windows\bin\arm-linux-androideabi-g++.exe Tegra-Android/Debug/HelloJni.o C:/SmokeEngine/Tegra-Android/Debug/libSmokeEngine.a  -oC:/SmokeEngine/Tegra-Android/Debug/libTestWorld.so -lc -lm -llog -lgcc -Wl,-soname,libTestWorld.so -Wl,--no-undefined -fuse-ld=bfd -L"C:/NVPACK/android-ndk-r9b/platforms/android-15/arch-arm/usr/lib" -L"C:/NVPACK/android-ndk-r9b/sources/cxx-stl/gnu-libstdc++/4.8/libs/armeabi-v7a" -L"C:/NVPACK/android-ndk-r9b/toolchains/arm-linux-androideabi-4.8/prebuilt/windows/lib/gcc/arm-linux-androideabi/4.8/armv7-a" -L"C:/NVPACK/android-ndk-r9b/toolchains/arm-linux-androideabi-4.8/prebuilt/windows/lib/gcc/arm-linux-androideabi/4.8/armv7-a" -shared -Wl,-z,noexecstack -Wl,-z,relro -Wl,-z,now -Wl,-rpath-link=C:/NVPACK/android-ndk-r9b/platforms/android-15/arch-arm/usr/lib --sysroot=C:/NVPACK/android-ndk-r9b/platforms/android-15/arch-arm "-lsupc++" "-lgnustl_static" "-lgcc" -lGLESv1_CM 
     1>arm-linux-androideabi-g++.exe : error : C:/SmokeEngine/Tegra-Android/Debug/libSmokeEngine.a: No such file or directory
     1>Done Building Project "C:\SmokeEngine\TestWorld\TestWorld.vcxproj" (rebuild target(s)) -- FAILED.

Build FAILED.

Time Elapsed 00:00:01.20
